<?xml version="1.0" encoding="UTF-8"?>
<testsuite xmlns:xsi="http://www.w3.org/2001/XMLSchema-instance" xsi:noNamespaceSchemaLocation="https://maven.apache.org/surefire/maven-surefire-plugin/xsd/surefire-test-report.xsd" name="com.epam.rd.autotasks.meetautocode.ElectronicWatchTest" time="0.165" tests="12" errors="0" skipped="0" failures="0">
  <properties>
    <property name="java.specification.version" value="19"/>
    <property name="sun.cpu.isalist" value="amd64"/>
    <property name="sun.jnu.encoding" value="Cp1251"/>
    <property name="java.class.path" value="C:\D_PC_Work\Personal_Data\Learning\EPAM\IdeaProjects\java\electronic-watch\target\test-classes;C:\D_PC_Work\Personal_Data\Learning\EPAM\IdeaProjects\java\electronic-watch\target\classes;C:\Users\stepa\.m2\repository\org\junit\jupiter\junit-jupiter-engine\5.6.2\junit-jupiter-engine-5.6.2.jar;C:\Users\stepa\.m2\repository\org\apiguardian\apiguardian-api\1.1.0\apiguardian-api-1.1.0.jar;C:\Users\stepa\.m2\repository\org\junit\platform\junit-platform-engine\1.6.2\junit-platform-engine-1.6.2.jar;C:\Users\stepa\.m2\repository\org\junit\jupiter\junit-jupiter-api\5.6.2\junit-jupiter-api-5.6.2.jar;C:\Users\stepa\.m2\repository\org\opentest4j\opentest4j\1.2.0\opentest4j-1.2.0.jar;C:\Users\stepa\.m2\repository\org\junit\platform\junit-platform-commons\1.6.2\junit-platform-commons-1.6.2.jar;C:\Users\stepa\.m2\repository\org\junit\jupiter\junit-jupiter-params\5.6.2\junit-jupiter-params-5.6.2.jar;"/>
    <property name="java.vm.vendor" value="Oracle Corporation"/>
    <property name="sun.arch.data.model" value="64"/>
    <property name="user.variant" value=""/>
    <property name="java.vendor.url" value="https://java.oracle.com/"/>
    <property name="user.timezone" value="Europe/Moscow"/>
    <property name="os.name" value="Windows 10"/>
    <property name="java.vm.specification.version" value="19"/>
    <property name="sun.java.launcher" value="SUN_STANDARD"/>
    <property name="user.country" value="RU"/>
    <property name="sun.boot.library.path" value="C:\Program Files\Java\jdk-19\bin"/>
    <property name="sun.java.command" value="C:\Users\stepa\AppData\Local\Temp\surefire5875746513791703053\surefirebooter10486945123756501970.jar C:\Users\stepa\AppData\Local\Temp\surefire5875746513791703053 2022-12-20T20-43-04_698-jvmRun1 surefire8335779006844254467tmp surefire_012992371346779468140tmp"/>
    <property name="jdk.debug" value="release"/>
    <property name="surefire.test.class.path" value="C:\D_PC_Work\Personal_Data\Learning\EPAM\IdeaProjects\java\electronic-watch\target\test-classes;C:\D_PC_Work\Personal_Data\Learning\EPAM\IdeaProjects\java\electronic-watch\target\classes;C:\Users\stepa\.m2\repository\org\junit\jupiter\junit-jupiter-engine\5.6.2\junit-jupiter-engine-5.6.2.jar;C:\Users\stepa\.m2\repository\org\apiguardian\apiguardian-api\1.1.0\apiguardian-api-1.1.0.jar;C:\Users\stepa\.m2\repository\org\junit\platform\junit-platform-engine\1.6.2\junit-platform-engine-1.6.2.jar;C:\Users\stepa\.m2\repository\org\junit\jupiter\junit-jupiter-api\5.6.2\junit-jupiter-api-5.6.2.jar;C:\Users\stepa\.m2\repository\org\opentest4j\opentest4j\1.2.0\opentest4j-1.2.0.jar;C:\Users\stepa\.m2\repository\org\junit\platform\junit-platform-commons\1.6.2\junit-platform-commons-1.6.2.jar;C:\Users\stepa\.m2\repository\org\junit\jupiter\junit-jupiter-params\5.6.2\junit-jupiter-params-5.6.2.jar;"/>
    <property name="sun.cpu.endian" value="little"/>
    <property name="user.home" value="C:\Users\stepa"/>
    <property name="user.language" value="ru"/>
    <property name="java.specification.vendor" value="Oracle Corporation"/>
    <property name="java.version.date" value="2022-09-20"/>
    <property name="java.home" value="C:\Program Files\Java\jdk-19"/>
    <property name="file.separator" value="\"/>
    <property name="basedir" value="C:\D_PC_Work\Personal_Data\Learning\EPAM\IdeaProjects\java\electronic-watch"/>
    <property name="java.vm.compressedOopsMode" value="32-bit"/>
    <property name="line.separator" value="&#10;"/>
    <property name="java.vm.specification.vendor" value="Oracle Corporation"/>
    <property name="java.specification.name" value="Java Platform API Specification"/>
    <property name="surefire.real.class.path" value="C:\Users\stepa\AppData\Local\Temp\surefire5875746513791703053\surefirebooter10486945123756501970.jar"/>
    <property name="user.script" value=""/>
    <property name="sun.management.compiler" value="HotSpot 64-Bit Tiered Compilers"/>
    <property name="java.runtime.version" value="19+36-2238"/>
    <property name="user.name" value="stepa"/>
    <property name="stdout.encoding" value="Cp1251"/>
    <property name="path.separator" value=";"/>
    <property name="os.version" value="10.0"/>
    <property name="java.runtime.name" value="Java(TM) SE Runtime Environment"/>
    <property name="file.encoding" value="UTF-8"/>
    <property name="java.vm.name" value="Java HotSpot(TM) 64-Bit Server VM"/>
    <property name="localRepository" value="C:\Users\stepa\.m2\repository"/>
    <property name="java.vendor.url.bug" value="https://bugreport.java.com/bugreport/"/>
    <property name="java.io.tmpdir" value="C:\Users\stepa\AppData\Local\Temp\"/>
    <property name="idea.version" value="2022.2.2"/>
    <property name="java.version" value="19"/>
    <property name="user.dir" value="C:\D_PC_Work\Personal_Data\Learning\EPAM\IdeaProjects\java\electronic-watch"/>
    <property name="os.arch" value="amd64"/>
    <property name="java.vm.specification.name" value="Java Virtual Machine Specification"/>
    <property name="sun.os.patch.level" value=""/>
    <property name="native.encoding" value="Cp1251"/>
    <property name="java.library.path" value="C:\Program Files\Java\jdk-19\bin;C:\WINDOWS\Sun\Java\bin;C:\WINDOWS\system32;C:\WINDOWS;C:\Program Files\Common Files\Oracle\Java\javapath;C:\Program Files (x86)\Common Files\Oracle\Java\javapath;C:\WINDOWS\system32;C:\WINDOWS;C:\WINDOWS\System32\Wbem;C:\WINDOWS\System32\WindowsPowerShell\v1.0\;C:\WINDOWS\System32\OpenSSH\;C:\Program Files\Git\cmd;C:\Program Files\nodejs\;C:\Program_me\apache-maven-3.8.6\bin;C:\Program Files\Java\jdk-19\bin;C:\Users\stepa\AppData\Local\Microsoft\WindowsApps;C:\Users\stepa\AppData\Roaming\npm;C:\Program Files\Java\jdk-19\bin;;."/>
    <property name="java.vm.info" value="mixed mode, sharing"/>
    <property name="stderr.encoding" value="Cp1251"/>
    <property name="java.vendor" value="Oracle Corporation"/>
    <property name="java.vm.version" value="19+36-2238"/>
    <property name="sun.io.unicode.encoding" value="UnicodeLittle"/>
    <property name="java.class.version" value="63.0"/>
  </properties>
  <testcase name="test{int, String}[1]" classname="com.epam.rd.autotasks.meetautocode.ElectronicWatchTest" time="0.068"/>
  <testcase name="test{int, String}[2]" classname="com.epam.rd.autotasks.meetautocode.ElectronicWatchTest" time="0.004"/>
  <testcase name="test{int, String}[3]" classname="com.epam.rd.autotasks.meetautocode.ElectronicWatchTest" time="0.002"/>
  <testcase name="test{int, String}[4]" classname="com.epam.rd.autotasks.meetautocode.ElectronicWatchTest" time="0.002"/>
  <testcase name="test{int, String}[5]" classname="com.epam.rd.autotasks.meetautocode.ElectronicWatchTest" time="0.002"/>
  <testcase name="test{int, String}[6]" classname="com.epam.rd.autotasks.meetautocode.ElectronicWatchTest" time="0.003"/>
  <testcase name="test{int, String}[7]" classname="com.epam.rd.autotasks.meetautocode.ElectronicWatchTest" time="0.002"/>
  <testcase name="test{int, String}[8]" classname="com.epam.rd.autotasks.meetautocode.ElectronicWatchTest" time="0.003"/>
  <testcase name="test{int, String}[9]" classname="com.epam.rd.autotasks.meetautocode.ElectronicWatchTest" time="0.003"/>
  <testcase name="test{int, String}[10]" classname="com.epam.rd.autotasks.meetautocode.ElectronicWatchTest" time="0.004"/>
  <testcase name="test{int, String}[11]" classname="com.epam.rd.autotasks.meetautocode.ElectronicWatchTest" time="0.003"/>
  <testcase name="test{int, String}[12]" classname="com.epam.rd.autotasks.meetautocode.ElectronicWatchTest" time="0.002"/>
</testsuite>