<?xml version="1.0" encoding="UTF-8"?>
<testsuite xmlns:xsi="http://www.w3.org/2001/XMLSchema-instance" xsi:noNamespaceSchemaLocation="https://maven.apache.org/surefire/maven-surefire-plugin/xsd/surefire-test-report.xsd" name="com.epam.rd.autotasks.matrices.MultiplyMatrixTests" time="0.07" tests="15" errors="0" skipped="0" failures="0">
  <properties>
    <property name="java.specification.version" value="19"/>
    <property name="sun.cpu.isalist" value="amd64"/>
    <property name="sun.jnu.encoding" value="Cp1251"/>
    <property name="java.class.path" value="C:\D_PC_Work\Personal_Data\Learning\EPAM\IdeaProjects\java\multiply-matrices\target\test-classes;C:\D_PC_Work\Personal_Data\Learning\EPAM\IdeaProjects\java\multiply-matrices\target\classes;C:\Users\stepa\.m2\repository\org\junit\jupiter\junit-jupiter\5.7.1\junit-jupiter-5.7.1.jar;C:\Users\stepa\.m2\repository\org\junit\jupiter\junit-jupiter-api\5.7.1\junit-jupiter-api-5.7.1.jar;C:\Users\stepa\.m2\repository\org\apiguardian\apiguardian-api\1.1.0\apiguardian-api-1.1.0.jar;C:\Users\stepa\.m2\repository\org\opentest4j\opentest4j\1.2.0\opentest4j-1.2.0.jar;C:\Users\stepa\.m2\repository\org\junit\platform\junit-platform-commons\1.7.1\junit-platform-commons-1.7.1.jar;C:\Users\stepa\.m2\repository\org\junit\jupiter\junit-jupiter-params\5.7.1\junit-jupiter-params-5.7.1.jar;C:\Users\stepa\.m2\repository\org\junit\jupiter\junit-jupiter-engine\5.7.1\junit-jupiter-engine-5.7.1.jar;C:\Users\stepa\.m2\repository\org\junit\platform\junit-platform-engine\1.7.1\junit-platform-engine-1.7.1.jar;"/>
    <property name="java.vm.vendor" value="Oracle Corporation"/>
    <property name="sun.arch.data.model" value="64"/>
    <property name="user.variant" value=""/>
    <property name="java.vendor.url" value="https://java.oracle.com/"/>
    <property name="user.timezone" value="Europe/Moscow"/>
    <property name="os.name" value="Windows 10"/>
    <property name="java.vm.specification.version" value="19"/>
    <property name="sun.java.launcher" value="SUN_STANDARD"/>
    <property name="user.country" value="RU"/>
    <property name="sun.boot.library.path" value="C:\Program Files\Java\jdk-19\bin"/>
    <property name="sun.java.command" value="C:\Users\stepa\AppData\Local\Temp\surefire7555341610376646288\surefirebooter11080255322764059915.jar C:\Users\stepa\AppData\Local\Temp\surefire7555341610376646288 2023-08-13T11-17-25_463-jvmRun1 surefire11309482854627642719tmp surefire_013929390195422567583tmp"/>
    <property name="jdk.debug" value="release"/>
    <property name="surefire.test.class.path" value="C:\D_PC_Work\Personal_Data\Learning\EPAM\IdeaProjects\java\multiply-matrices\target\test-classes;C:\D_PC_Work\Personal_Data\Learning\EPAM\IdeaProjects\java\multiply-matrices\target\classes;C:\Users\stepa\.m2\repository\org\junit\jupiter\junit-jupiter\5.7.1\junit-jupiter-5.7.1.jar;C:\Users\stepa\.m2\repository\org\junit\jupiter\junit-jupiter-api\5.7.1\junit-jupiter-api-5.7.1.jar;C:\Users\stepa\.m2\repository\org\apiguardian\apiguardian-api\1.1.0\apiguardian-api-1.1.0.jar;C:\Users\stepa\.m2\repository\org\opentest4j\opentest4j\1.2.0\opentest4j-1.2.0.jar;C:\Users\stepa\.m2\repository\org\junit\platform\junit-platform-commons\1.7.1\junit-platform-commons-1.7.1.jar;C:\Users\stepa\.m2\repository\org\junit\jupiter\junit-jupiter-params\5.7.1\junit-jupiter-params-5.7.1.jar;C:\Users\stepa\.m2\repository\org\junit\jupiter\junit-jupiter-engine\5.7.1\junit-jupiter-engine-5.7.1.jar;C:\Users\stepa\.m2\repository\org\junit\platform\junit-platform-engine\1.7.1\junit-platform-engine-1.7.1.jar;"/>
    <property name="sun.cpu.endian" value="little"/>
    <property name="user.home" value="C:\Users\stepa"/>
    <property name="user.language" value="ru"/>
    <property name="java.specification.vendor" value="Oracle Corporation"/>
    <property name="java.version.date" value="2022-09-20"/>
    <property name="java.home" value="C:\Program Files\Java\jdk-19"/>
    <property name="file.separator" value="\"/>
    <property name="basedir" value="C:\D_PC_Work\Personal_Data\Learning\EPAM\IdeaProjects\java\multiply-matrices"/>
    <property name="java.vm.compressedOopsMode" value="32-bit"/>
    <property name="line.separator" value="&#10;"/>
    <property name="java.vm.specification.vendor" value="Oracle Corporation"/>
    <property name="java.specification.name" value="Java Platform API Specification"/>
    <property name="surefire.real.class.path" value="C:\Users\stepa\AppData\Local\Temp\surefire7555341610376646288\surefirebooter11080255322764059915.jar"/>
    <property name="user.script" value=""/>
    <property name="sun.management.compiler" value="HotSpot 64-Bit Tiered Compilers"/>
    <property name="java.runtime.version" value="19+36-2238"/>
    <property name="user.name" value="stepa"/>
    <property name="stdout.encoding" value="Cp1251"/>
    <property name="path.separator" value=";"/>
    <property name="os.version" value="10.0"/>
    <property name="java.runtime.name" value="Java(TM) SE Runtime Environment"/>
    <property name="file.encoding" value="UTF-8"/>
    <property name="java.vm.name" value="Java HotSpot(TM) 64-Bit Server VM"/>
    <property name="localRepository" value="C:\Users\stepa\.m2\repository"/>
    <property name="java.vendor.url.bug" value="https://bugreport.java.com/bugreport/"/>
    <property name="java.io.tmpdir" value="C:\Users\stepa\AppData\Local\Temp\"/>
    <property name="idea.version" value="2022.2.2"/>
    <property name="java.version" value="19"/>
    <property name="user.dir" value="C:\D_PC_Work\Personal_Data\Learning\EPAM\IdeaProjects\java\multiply-matrices"/>
    <property name="os.arch" value="amd64"/>
    <property name="java.vm.specification.name" value="Java Virtual Machine Specification"/>
    <property name="sun.os.patch.level" value=""/>
    <property name="native.encoding" value="Cp1251"/>
    <property name="java.library.path" value="C:\Program Files\Java\jdk-19\bin;C:\WINDOWS\Sun\Java\bin;C:\WINDOWS\system32;C:\WINDOWS;C:\Program Files\Common Files\Oracle\Java\javapath;C:\Program Files (x86)\Common Files\Oracle\Java\javapath;C:\WINDOWS\system32;C:\WINDOWS;C:\WINDOWS\System32\Wbem;C:\WINDOWS\System32\WindowsPowerShell\v1.0\;C:\WINDOWS\System32\OpenSSH\;C:\Program Files\Git\cmd;C:\Program Files\nodejs\;C:\Program_me\apache-maven-3.8.6\bin;C:\Program Files\Java\jdk-19\bin;C:\Users\stepa\AppData\Local\Microsoft\WindowsApps;C:\Users\stepa\AppData\Roaming\npm;C:\Program Files\Java\jdk-19\bin;C:\Users\stepa\AppData\Local\Programs\Microsoft VS Code\bin;C:\Program Files\OpenSSL-Win64\bin;C:\Users\stepa\AppData\Local\Programs\Fiddler;C:\Users\stepa\AppData\Local\gitkraken\bin;."/>
    <property name="java.vm.info" value="mixed mode, sharing"/>
    <property name="stderr.encoding" value="Cp1251"/>
    <property name="java.vendor" value="Oracle Corporation"/>
    <property name="java.vm.version" value="19+36-2238"/>
    <property name="sun.io.unicode.encoding" value="UnicodeLittle"/>
    <property name="java.class.version" value="63.0"/>
  </properties>
  <testcase name="test2x2_1" classname="com.epam.rd.autotasks.matrices.MultiplyMatrixTests" time="0.034"/>
  <testcase name="test2x2_2" classname="com.epam.rd.autotasks.matrices.MultiplyMatrixTests" time="0.001"/>
  <testcase name="test3x2_1" classname="com.epam.rd.autotasks.matrices.MultiplyMatrixTests" time="0.001"/>
  <testcase name="test3x2_2" classname="com.epam.rd.autotasks.matrices.MultiplyMatrixTests" time="0.001"/>
  <testcase name="test3x2_3" classname="com.epam.rd.autotasks.matrices.MultiplyMatrixTests" time="0.001"/>
  <testcase name="testHighRank_1" classname="com.epam.rd.autotasks.matrices.MultiplyMatrixTests" time="0.001"/>
  <testcase name="testHighRank_2" classname="com.epam.rd.autotasks.matrices.MultiplyMatrixTests" time="0.001"/>
  <testcase name="testHighRank_3" classname="com.epam.rd.autotasks.matrices.MultiplyMatrixTests" time="0.001"/>
  <testcase name="testHighRank_4" classname="com.epam.rd.autotasks.matrices.MultiplyMatrixTests" time="0"/>
  <testcase name="testHighRank_5" classname="com.epam.rd.autotasks.matrices.MultiplyMatrixTests" time="0.001"/>
  <testcase name="testHighRank_6" classname="com.epam.rd.autotasks.matrices.MultiplyMatrixTests" time="0"/>
  <testcase name="testHighRank_7" classname="com.epam.rd.autotasks.matrices.MultiplyMatrixTests" time="0.001"/>
  <testcase name="testHighRank_8" classname="com.epam.rd.autotasks.matrices.MultiplyMatrixTests" time="0.001"/>
  <testcase name="testHighRank_9" classname="com.epam.rd.autotasks.matrices.MultiplyMatrixTests" time="0.001"/>
  <testcase name="testHighRank_10" classname="com.epam.rd.autotasks.matrices.MultiplyMatrixTests" time="0"/>
</testsuite>